<?xml version="1.0" encoding="UTF-8"?>
<!-- Generated by org.testng.reporters.JUnitReportReporter -->
<testsuite skipped="0" hostname="DESKTOP-6FB5FOI" name="tests.Runner" tests="1" failures="0" timestamp="2023-03-23T13:45:29 IST" time="25.753" errors="0">
  <testcase name="runScenario" time="25.753" classname="tests.Runner"/>
  <system-out/>
</testsuite> <!-- tests.Runner -->
